<?xml version="1.0" encoding="UTF-8"?>
<!-- Generated by org.testng.reporters.JUnitReportReporter -->
<testsuite hostname="LTIN192022" failures="0" tests="1" name="testCases.TC_004" time="64.628" errors="0" timestamp="2024-02-17T22:28:06 IST" skipped="0">
  <testcase classname="testCases.TC_004" name="fillFormWithInvalidInput" time="64.628"/>
</testsuite> <!-- testCases.TC_004 -->
