<?xml version="1.0" encoding="UTF-8"?>
<!-- Generated by org.testng.reporters.JUnitReportReporter -->
<testsuite hostname="LTIN192022" failures="0" tests="1" name="testCases.TC_001" time="3.658" errors="0" timestamp="2024-02-10T16:20:57 IST" skipped="0">
  <testcase classname="testCases.TC_001" name="Verify_CourseraPage" time="3.658"/>
</testsuite> <!-- testCases.TC_001 -->
