<?xml version="1.0" encoding="UTF-8"?>
<!-- Generated by org.testng.reporters.JUnitReportReporter -->
<testsuite hostname="LTIN192022" failures="0" tests="2" name="testCases.TC_002" time="53.260" errors="0" timestamp="2024-02-15T10:13:07 IST" skipped="0">
  <testcase classname="testCases.TC_002" name="VerifyFindCoursesPage" time="35.696"/>
  <testcase classname="testCases.TC_002" name="VerifyFindCoursesPage" time="17.564"/>
</testsuite> <!-- testCases.TC_002 -->
