<?xml version="1.0" encoding="UTF-8"?>
<!-- Generated by org.testng.reporters.JUnitReportReporter -->
<testsuite hostname="LTIN192022" failures="0" tests="2" name="testCases.TC_001" time="8.077" errors="0" timestamp="2024-02-15T10:13:07 IST" skipped="0">
  <testcase classname="testCases.TC_001" name="Verify_CourseraPage" time="4.369"/>
  <testcase classname="testCases.TC_001" name="Verify_CourseraPage" time="3.708"/>
</testsuite> <!-- testCases.TC_001 -->
