<?xml version="1.0" encoding="UTF-8"?>
<!-- Generated by org.testng.reporters.JUnitReportReporter -->
<testsuite hostname="LTIN192022" failures="0" tests="2" name="testCases.TC_004" time="218.381" errors="0" timestamp="2024-02-15T10:13:06 IST" skipped="0">
  <testcase classname="testCases.TC_004" name="fillFormWithInvalidInput" time="113.326"/>
  <testcase classname="testCases.TC_004" name="fillFormWithInvalidInput" time="105.055"/>
</testsuite> <!-- testCases.TC_004 -->
