<?xml version="1.0" encoding="UTF-8"?>
<!-- Generated by org.testng.reporters.JUnitReportReporter -->
<testsuite hostname="LTIN192022" failures="0" tests="1" name="testCases.TC_003" time="238.418" errors="0" timestamp="2024-02-17T18:17:21 IST" skipped="0">
  <testcase classname="testCases.TC_003" name="AllCourses" time="238.418"/>
</testsuite> <!-- testCases.TC_003 -->
