<?xml version="1.0" encoding="UTF-8"?>
<!-- Generated by org.testng.reporters.JUnitReportReporter -->
<testsuite hostname="LTIN192022" failures="0" tests="2" name="testCases.TC_003" time="567.271" errors="0" timestamp="2024-02-15T10:13:07 IST" skipped="0">
  <testcase classname="testCases.TC_003" name="AllCourses" time="306.976"/>
  <testcase classname="testCases.TC_003" name="AllCourses" time="260.295"/>
</testsuite> <!-- testCases.TC_003 -->
