<?xml version="1.0" encoding="UTF-8"?>
<!-- Generated by org.testng.reporters.JUnitReportReporter -->
<testsuite hostname="LTIN192022" failures="0" tests="1" name="testCases.TC_002" time="32.278" errors="0" timestamp="2024-02-15T11:26:26 IST" skipped="0">
  <testcase classname="testCases.TC_002" name="VerifyFindCoursesPage" time="32.278"/>
</testsuite> <!-- testCases.TC_002 -->
