<?xml version="1.0" encoding="UTF-8"?>
<!-- Generated by org.testng.reporters.JUnitReportReporter -->
<testsuite hostname="LTIN192022" failures="0" tests="1" name="testCases.TC_004" time="54.458" errors="0" timestamp="2024-02-11T12:32:44 IST" skipped="0">
  <testcase classname="testCases.TC_004" name="fillFormWithInvalidInput" time="54.458"/>
</testsuite> <!-- testCases.TC_004 -->
