<?xml version="1.0" encoding="UTF-8"?>
<!-- Generated by org.testng.reporters.JUnitReportReporter -->
<testsuite hostname="LTIN192022" failures="0" tests="1" name="testCases.TC_003" time="242.813" errors="0" timestamp="2024-02-11T16:18:34 IST" skipped="0">
  <testcase classname="testCases.TC_003" name="AllCourses" time="242.813"/>
</testsuite> <!-- testCases.TC_003 -->
