<?xml version="1.0" encoding="UTF-8"?>
<!-- Generated by org.testng.reporters.JUnitReportReporter -->
<testsuite hostname="LTIN192022" failures="0" tests="1" name="testCases.TC_003" time="265.371" errors="0" timestamp="2024-02-15T11:26:26 IST" skipped="0">
  <testcase classname="testCases.TC_003" name="AllCourses" time="265.371"/>
</testsuite> <!-- testCases.TC_003 -->
